<?xml version="1.0" encoding="UTF-8"?>
<!-- Generated by org.testng.reporters.JUnitXMLReporter -->
<testsuite ignored="0" hostname="DESKTOP-FSVBQOO" failures="0" tests="8" name="Run on Firefox" time="283.687" errors="0" timestamp="2024-09-23T17:25:09 ICT">
  <testcase classname="com.opencart.user.User_07_Order" name="User_01_Add_Produce_To_Cart" time="38.145"/>
  <testcase classname="com.opencart.user.User_07_Order" name="User_02_Add_Info_In_Equiry_Form" time="19.758"/>
  <testcase classname="com.opencart.user.User_07_Order" name="User_03_Remove_From_Cart" time="15.224"/>
  <testcase classname="com.opencart.user.User_07_Order" name="User_04_Update_Shopping_Cart" time="3.487"/>
  <testcase classname="com.opencart.user.User_07_Order" name="User_05_Checkout_Order_With_New_Address" time="40.009"/>
  <testcase classname="com.opencart.user.User_07_Order" name="User_06_Checkout_Order_With_Shipping_And_Payment_By_Card" time="28.854"/>
  <testcase classname="com.opencart.user.User_07_Order" name="User_07_Checkout_Order_With_Shipping_And_Payment_By_Cash" time="70.543"/>
  <testcase classname="com.opencart.user.User_07_Order" name="User_08_Re_Order" time="14.987"/>
</testsuite> <!-- Run on Firefox -->
