<?xml version="1.0" encoding="UTF-8"?>
<!-- Generated by org.testng.reporters.JUnitXMLReporter -->
<testsuite ignored="0" hostname="DESKTOP-FSVBQOO" failures="0" tests="6" name="Run on Edge" time="122.431" errors="0" timestamp="2024-09-23T23:51:29 ICT">
  <testcase classname="com.opencart.user.User_01_Register" name="User_01_Register_With_Empty_Data" time="7.107"/>
  <testcase classname="com.opencart.user.User_01_Register" name="User_02_Register_With_Invalid_Email" time="20.049"/>
  <testcase classname="com.opencart.user.User_01_Register" name="User_03_Register_With_Successful_Information" time="20.25"/>
  <testcase classname="com.opencart.user.User_01_Register" name="User_04_Register_With_Existed_Email" time="23.7"/>
  <testcase classname="com.opencart.user.User_01_Register" name="User_05_Register_With_Password_Less_Than_4_Characters" time="19.957"/>
  <testcase classname="com.opencart.user.User_01_Register" name="User_06_Register_With_Password_More_Than_20_Characters" time="19.655"/>
</testsuite> <!-- Run on Edge -->
