<?xml version="1.0" encoding="UTF-8"?>
<!-- Generated by org.testng.reporters.JUnitXMLReporter -->
<testsuite ignored="0" hostname="DESKTOP-FSVBQOO" failures="0" tests="5" name="Run on Chrome" time="53.404" errors="0" timestamp="2024-09-22T12:38:24 ICT">
  <testcase classname="com.opencart.user.User_01_Register" name="User_01_Register_With_Empty_Data" time="7.886"/>
  <testcase classname="com.opencart.user.User_01_Register" name="User_02_Register_With_Invalid_Email" time="9.155"/>
  <testcase classname="com.opencart.user.User_01_Register" name="User_03_Register_With_Successful_Information" time="9.995"/>
  <testcase classname="com.opencart.user.User_01_Register" name="User_04_Register_With_Existed_Email" time="11.509"/>
  <testcase classname="com.opencart.user.User_01_Register" name="User_05_Register_With_Password_Less_Than_4_Characters" time="8.877"/>
</testsuite> <!-- Run on Chrome -->
