<?xml version="1.0" encoding="UTF-8"?>
<!-- Generated by org.testng.reporters.JUnitXMLReporter -->
<testsuite ignored="0" hostname="DESKTOP-FSVBQOO" failures="0" tests="8" name="Run on Firefox" time="199.146" errors="0" timestamp="2024-09-23T23:32:49 ICT">
  <testcase classname="com.opencart.admin.User_08_Total_Admin" name="User_01_Search_With_Product_Name" time="10.894"/>
  <testcase classname="com.opencart.admin.User_08_Total_Admin" name="User_08_Create_New_Customer" time="29.159"/>
  <testcase classname="com.opencart.admin.User_08_Total_Admin" name="User_09_Search_New_Customer_With_Email" time="12.298"/>
  <testcase classname="com.opencart.admin.User_08_Total_Admin" name="User_10_Search_New_Customer_With_Name_And_Status" time="9.496"/>
  <testcase classname="com.opencart.admin.User_08_Total_Admin" name="User_11_Search_New_Customer_With_Full_Data" time="13.85"/>
  <testcase classname="com.opencart.admin.User_08_Total_Admin" name="User_12_Edit_Customer" time="37.451"/>
  <testcase classname="com.opencart.admin.User_08_Total_Admin" name="User_13_Add_New_Address_In_Customer_Detail" time="40.264"/>
  <testcase classname="com.opencart.admin.User_08_Total_Admin" name="User_14_Delete_Address_In_Customer_Detail" time="28.096"/>
</testsuite> <!-- Run on Firefox -->
