<?xml version="1.0" encoding="UTF-8"?>
<!-- Generated by org.testng.reporters.JUnitXMLReporter -->
<testsuite ignored="4" hostname="DESKTOP-FSVBQOO" failures="0" tests="0" time="0.02" errors="0" timestamp="2024-08-30T00:09:28 ICT">
  <testcase classname="com.opencart.user.User_03_My_Account" name="User_04_WishList_Page" time="0.0">
    <ignored/>
  </testcase> <!-- User_04_WishList_Page -->
  <testcase classname="com.opencart.user.User_03_My_Account" name="User_02_Add_Book_Address" time="0.0">
    <ignored/>
  </testcase> <!-- User_02_Add_Book_Address -->
  <testcase classname="com.opencart.user.User_03_My_Account" name="User_03_Change_Password" time="0.0">
    <ignored/>
  </testcase> <!-- User_03_Change_Password -->
  <testcase classname="com.opencart.user.User_03_My_Account" name="User_01_Update_Customer_Info" time="0.0">
    <ignored/>
  </testcase> <!-- User_01_Update_Customer_Info -->
</testsuite>
